This is pdfTeX, Version 3.14159265-2.6-1.40.18 (TeX Live 2017 on Slackware (SlackBuilds.org)) (preloaded format=pdflatex 2017.12.8)  16 JAN 2019 23:02
entering extended mode
 restricted \write18 enabled.
 %&-line parsing enabled.
**dissertacao.tex
(./dissertacao.tex
LaTeX2e <2017-04-15>
Babel <3.15> and hyphenation patterns for 84 language(s) loaded.
(/usr/share/texmf-dist/tex/latex/abntex2/abntex2.cls
Document Class: abntex2 2016/02/26 v-1.9.6 abnTeX2
(/usr/share/texmf-dist/tex/latex/base/ifthen.sty
Package: ifthen 2014/09/29 v1.1c Standard LaTeX ifthen package (DPC)
)
(/usr/share/texmf-dist/tex/latex/memoir/memoir.cls
Document Class: memoir 2016/05/16 v3.7f configurable book, report, article docu
ment class
\onelineskip=\skip41
\lxvchars=\skip42
\xlvchars=\skip43
\@memcnta=\count79
\c@@memmarkcntra=\count80
(/usr/share/texmf-dist/tex/generic/oberdiek/ifpdf.sty
Package: ifpdf 2017/03/15 v3.2 Provides the ifpdf switch
)
(/usr/share/texmf-dist/tex/latex/ifetex/ifetex.sty
Package: ifetex 2011/12/15 v1.2 ifetex

(/usr/share/texmf-dist/tex/plain/ifetex/ifetex.tex))
(/usr/share/texmf-dist/tex/generic/ifxetex/ifxetex.sty
Package: ifxetex 2010/09/12 v0.6 Provides ifxetex conditional
)
(/usr/share/texmf-dist/tex/generic/oberdiek/ifluatex.sty
Package: ifluatex 2016/05/16 v1.4 Provides the ifluatex switch (HO)
Package ifluatex Info: LuaTeX not detected.
)
\stockheight=\skip44
\stockwidth=\skip45
\trimtop=\skip46
\trimedge=\skip47

(/usr/share/texmf-dist/tex/latex/memoir/mem12.clo
File: mem12.clo 2010/10/19 v0.4b memoir class 12pt size option
)
\binding=\skip48
\spinemargin=\skip49
\foremargin=\skip50
\uppermargin=\skip51
\lowermargin=\skip52
\headdrop=\skip53
\normalrulethickness=\skip54
\mem@maxheadheight=\skip55
\mem@maxfootheight=\skip56
\headwidth=\skip57
\c@storedpagenumber=\count81
\memPD=\dimen102
\m@mabparskip=\skip58
\thanksmarkwidth=\skip59
\thanksmarksep=\skip60
\droptitle=\skip61
\c@book=\count82
\c@part=\count83
\c@chapter=\count84
\c@section=\count85
\c@subsection=\count86
\c@subsubsection=\count87
\c@paragraph=\count88
\c@subparagraph=\count89
\beforechapskip=\skip62
\midchapskip=\skip63
\afterchapskip=\skip64
\chapindent=\skip65
\bottomsectionskip=\skip66
\secindent=\skip67
\beforesecskip=\skip68
\aftersecskip=\skip69
\subsecindent=\skip70
\beforesubsecskip=\skip71
\aftersubsecskip=\skip72
\subsubsecindent=\skip73
\beforesubsubsecskip=\skip74
\aftersubsubsecskip=\skip75
\paraindent=\skip76
\beforeparaskip=\skip77
\afterparaskip=\skip78
\subparaindent=\skip79
\beforesubparaskip=\skip80
\aftersubparaskip=\skip81
\pfbreakskip=\skip82
\c@@ppsavesec=\count90
\c@@ppsaveapp=\count91
\ragrparindent=\dimen103
\everylistparindent=\dimen104
\parsepi=\skip83
\topsepi=\skip84
\itemsepi=\skip85
\parsepii=\skip86
\topsepii=\skip87
\topsepiii=\skip88
\itemsepii=\skip89
\itemsepiii=\skip90
\partopsepii=\skip91
\partopsepiii=\skip92
\m@msavetopsep=\skip93
\m@msavepartopsep=\skip94
\@enLab=\toks14
\abstitleskip=\skip95
\absleftindent=\skip96
\abs@leftindent=\dimen105
\absrightindent=\skip97
\absparindent=\skip98
\absparsep=\skip99
\c@vslineno=\count92
\c@poemline=\count93
\c@modulo@vs=\count94
\c@memfvsline=\count95
\vleftskip=\skip100
\vrightskip=\skip101
\stanzaskip=\skip102
\versewidth=\skip103
\vgap=\skip104
\vindent=\skip105
\vleftmargin=\dimen106
\c@verse=\count96
\c@chrsinstr=\count97
\beforepoemtitleskip=\skip106
\afterpoemtitleskip=\skip107
\c@poem=\count98
\beforePoemTitleskip=\skip108
\midPoemTitleskip=\skip109
\afterPoemTitleskip=\skip110
\col@sep=\dimen107
\extrarowheight=\dimen108
\NC@list=\toks15
\extratabsurround=\skip111
\backup@length=\skip112
\TX@col@width=\dimen109
\TX@old@table=\dimen110
\TX@old@col=\dimen111
\TX@target=\dimen112
\TX@delta=\dimen113
\TX@cols=\count99
\TX@ftn=\toks16
\heavyrulewidth=\dimen114
\lightrulewidth=\dimen115
\cmidrulewidth=\dimen116
\belowrulesep=\dimen117
\belowbottomsep=\dimen118
\aboverulesep=\dimen119
\abovetopsep=\dimen120
\cmidrulesep=\dimen121
\cmidrulekern=\dimen122
\defaultaddspace=\dimen123
\@cmidla=\count100
\@cmidlb=\count101
\@aboverulesep=\dimen124
\@belowrulesep=\dimen125
\@thisruleclass=\count102
\@lastruleclass=\count103
\@thisrulewidth=\dimen126
\ctableftskip=\skip113
\ctabrightskip=\skip114
\abovecolumnspenalty=\count104
\@linestogo=\count105
\@cellstogo=\count106
\@cellsincolumn=\count107
\crtok=\toks17
\@mincolumnwidth=\dimen127
\c@newflo@tctr=\count108
\mem@margin@floatbox=\box26
\@contcwidth=\skip115
\@contindw=\skip116
\abovecaptionskip=\skip117
\belowcaptionskip=\skip118
\subfloattopskip=\skip119
\subfloatcapskip=\skip120
\subfloatcaptopadj=\skip121
\subfloatbottomskip=\skip122
\subfloatlabelskip=\skip123
\subfloatcapmargin=\dimen128
\c@@contsubnum=\count109
\m@mscap@capbox=\box27
\m@mscap@fbox=\box28
\sidecapsep=\dimen129
\sidecapwidth=\dimen130
\m@m@tempdima=\dimen131
\m@mscapraise=\dimen132
\sidecapraise=\dimen133
\m@mscapmainwidth=\dimen134
\m@mscaplkern=\dimen135
\beforeepigraphskip=\skip124
\afterepigraphskip=\skip125
\epigraphwidth=\skip126
\epigraphrule=\skip127
LaTeX Info: Redefining \em on input line 7551.
LaTeX Info: Redefining \emph on input line 7559.
\tocentryskip=\skip128
\tocbaseline=\skip129
\cftparskip=\skip130
\cftbeforebookskip=\skip131
\cftbookindent=\dimen136
\cftbooknumwidth=\dimen137
\cftbeforepartskip=\skip132
\cftpartindent=\skip133
\cftpartnumwidth=\skip134
\cftbeforechapterskip=\skip135
\cftchapterindent=\skip136
\cftchapternumwidth=\skip137
\cftbeforesectionskip=\skip138
\cftsectionindent=\skip139
\cftsectionnumwidth=\skip140
\cftbeforesubsectionskip=\skip141
\cftsubsectionindent=\skip142
\cftsubsectionnumwidth=\skip143
\cftbeforesubsubsectionskip=\skip144
\cftsubsubsectionindent=\skip145
\cftsubsubsectionnumwidth=\skip146
\cftbeforeparagraphskip=\skip147
\cftparagraphindent=\skip148
\cftparagraphnumwidth=\skip149
\cftbeforesubparagraphskip=\skip150
\cftsubparagraphindent=\skip151
\cftsubparagraphnumwidth=\skip152
\prechapterprecisshift=\dimen138
\c@maxsecnumdepth=\count110
\bibindent=\dimen139
\bibitemsep=\skip153
\indexcolsep=\skip154
\indexrule=\skip155
\indexmarkstyle=\toks18
\@indexbox=\insert199
\glossarycolsep=\dimen140
\glossaryrule=\dimen141
\sideparvshift=\skip156
\sideins=\insert198
\sidebartopsep=\skip157
\sidebarhsep=\skip158
\sidebarvsep=\skip159
\sidebarwidth=\skip160
\footmarkwidth=\skip161
\footmarksep=\skip162
\footparindent=\skip163
\footinsdim=\skip164
\footinsv@r=\insert197
\@mpfootinsv@r=\insert196
\m@m@k=\count111
\m@m@h=\dimen142
\m@mipn@skip=\skip165
\sidefootins=\insert195
\sidefootadjust=\skip166
\sidefootheight=\skip167
\sidefoothsep=\skip168
\sidefootvsep=\skip169
\sidefootwidth=\skip170
\m@mdownsf=\skip171
\c@sidefootnote=\count112
\sidefootmarkwidth=\skip172
\sidefootmarksep=\skip173
\sidefootparindent=\skip174
\c@pagenote=\count113
\c@pagenoteshadow=\count114
\mem@pn@lastkern=\skip175
\every@verbatim=\toks19
\afterevery@verbatim=\toks20
\verbatim@line=\toks21
\tab@position=\count115
\verbatim@in@stream=\read1
\verbatimindent=\skip176
\verbatim@out=\write3
\bvboxsep=\skip177
\c@memfbvline=\count116
\c@bvlinectr=\count117
\bvnumlength=\skip178
\fb@frw=\dimen143
\fb@frh=\dimen144
\FrameRule=\dimen145
\FrameSep=\dimen146
\c@cp@cntr=\count118
LaTeX Info: Redefining \: on input line 12068.
LaTeX Info: Redefining \! on input line 12070.
\c@ism@mctr=\count119
\c@xsm@mctr=\count120
\c@csm@mctr=\count121
\c@ksm@mctr=\count122
\c@xksm@mctr=\count123
\c@cksm@mctr=\count124
\c@msm@mctr=\count125
\c@xmsm@mctr=\count126
\c@cmsm@mctr=\count127
\c@bsm@mctr=\count128
\c@workm@mctr=\count129
\c@sheetsequence=\count130
\c@lastsheet=\count131
\c@lastpage=\count132
\c@figure=\count133
\c@lofdepth=\count134
\cftbeforefigureskip=\skip179
\cftfigureindent=\skip180
\cftfigurenumwidth=\skip181
\c@table=\count135
\c@lotdepth=\count136
\cftbeforetableskip=\skip182
\cfttableindent=\skip183
\cfttablenumwidth=\skip184
Package abstract [2008/07/23] emulated by memoir.
Package appendix [2008/07/23] emulated by memoir.
Package array [2008/09/09] emulated by memoir.
Package booktabs [2016/05/16] emulated by memoir.
Package ccaption [2008/07/23] emulated by memoir.
Package changepage [2008/07/23] emulated by memoir.
Package chngcntr [2008/07/23] emulated by memoir.
Package chngpage [2008/07/23] emulated by memoir.
Package crop emulated by memoir.
Package dcolumn [2008/07/23] emulated by memoir.
Package delarray [2008/07/23] emulated by memoir.
Package enumerate [2008/07/23] emulated by memoir.
Package epigraph [2008/07/23] emulated by memoir.
Package ifmtarg [2008/07/23] emulated by memoir.
Package index [2008/07/23] emulated by memoir.
Package makeidx [2008/07/23] emulated by memoir.
Package moreverb [2008/07/23] emulated by memoir.
Package mparhack [2008/07/23] emulated by memoir.
Package needspace [2008/07/23] emulated by memoir.
Package newfile [2008/07/23] emulated by memoir.
Package nextpage [2008/07/23] emulated by memoir.
Package pagenote [2008/07/23] emulated by memoir.
Package parskip [2008/07/23] emulated by memoir.
Package patchcmd [2008/07/23] emulated by memoir.
Package setspace [2008/07/23] emulated by memoir.
Package shortvrb [2008/07/23] emulated by memoir.
Package showidx [2008/07/23] emulated by memoir.
Package tabularx [2008/07/23] emulated by memoir.
Package titleref [2008/07/23] emulated by memoir.
Package titling [2008/07/23] emulated by memoir.
Package tocbibind [2008/07/23] emulated by memoir.
Package tocloft [2008/07/23] emulated by memoir.
Package tocvsec2 [2008/07/23] emulated by memoir.
Package verbatim [2008/07/23] emulated by memoir.
Package verse [2008/07/23] emulated by memoir.

(/usr/share/texmf-dist/tex/latex/memoir/mempatch.sty
Package: mempatch 2009/07/24 v6.0f Patches for memoir class v1.6180339
))
(/usr/share/texmf-dist/tex/latex/textcase/textcase.sty
Package: textcase 2004/10/07 v0.07 Text only upper/lower case changing (DPC)
LaTeX Info: Redefining \MakeTextUppercase on input line 47.
LaTeX Info: Redefining \MakeTextLowercase on input line 50.
)
(/usr/share/texmf-dist/tex/latex/hyperref/hyperref.sty
Package: hyperref 2017/03/14 v6.85a Hypertext links for LaTeX

(/usr/share/texmf-dist/tex/generic/oberdiek/hobsub-hyperref.sty
Package: hobsub-hyperref 2016/05/16 v1.14 Bundle oberdiek, subset hyperref (HO)


(/usr/share/texmf-dist/tex/generic/oberdiek/hobsub-generic.sty
Package: hobsub-generic 2016/05/16 v1.14 Bundle oberdiek, subset generic (HO)
Package: hobsub 2016/05/16 v1.14 Construct package bundles (HO)
Package: infwarerr 2016/05/16 v1.4 Providing info/warning/error messages (HO)
Package: ltxcmds 2016/05/16 v1.23 LaTeX kernel commands for general use (HO)
Package hobsub Info: Skipping package `ifluatex' (already loaded).
Package: ifvtex 2016/05/16 v1.6 Detect VTeX and its facilities (HO)
Package ifvtex Info: VTeX not detected.
Package: intcalc 2016/05/16 v1.2 Expandable calculations with integers (HO)
Package hobsub Info: Skipping package `ifpdf' (already loaded).
Package: etexcmds 2016/05/16 v1.6 Avoid name clashes with e-TeX commands (HO)
Package etexcmds Info: Could not find \expanded.
(etexcmds)             That can mean that you are not using pdfTeX 1.50 or
(etexcmds)             that some package has redefined \expanded.
(etexcmds)             In the latter case, load this package earlier.
Package: kvsetkeys 2016/05/16 v1.17 Key value parser (HO)
Package: kvdefinekeys 2016/05/16 v1.4 Define keys (HO)
Package: pdftexcmds 2017/03/19 v0.25 Utility functions of pdfTeX for LuaTeX (HO
)
Package pdftexcmds Info: LuaTeX not detected.
Package pdftexcmds Info: \pdf@primitive is available.
Package pdftexcmds Info: \pdf@ifprimitive is available.
Package pdftexcmds Info: \pdfdraftmode found.
Package: pdfescape 2016/05/16 v1.14 Implements pdfTeX's escape features (HO)
Package: bigintcalc 2016/05/16 v1.4 Expandable calculations on big integers (HO
)
Package: bitset 2016/05/16 v1.2 Handle bit-vector datatype (HO)
Package: uniquecounter 2016/05/16 v1.3 Provide unlimited unique counter (HO)
)
Package hobsub Info: Skipping package `hobsub' (already loaded).
Package: letltxmacro 2016/05/16 v1.5 Let assignment for LaTeX macros (HO)
Package: hopatch 2016/05/16 v1.3 Wrapper for package hooks (HO)
Package: xcolor-patch 2016/05/16 xcolor patch
Package: atveryend 2016/05/16 v1.9 Hooks at the very end of document (HO)
Package atveryend Info: \enddocument detected (standard20110627).
Package: atbegshi 2016/06/09 v1.18 At begin shipout hook (HO)
Package: refcount 2016/05/16 v3.5 Data extraction from label references (HO)
Package: hycolor 2016/05/16 v1.8 Color options for hyperref/bookmark (HO)
)
(/usr/share/texmf-dist/tex/latex/graphics/keyval.sty
Package: keyval 2014/10/28 v1.15 key=value parser (DPC)
\KV@toks@=\toks22
)
(/usr/share/texmf-dist/tex/latex/oberdiek/auxhook.sty
Package: auxhook 2016/05/16 v1.4 Hooks for auxiliary files (HO)
)
(/usr/share/texmf-dist/tex/latex/oberdiek/kvoptions.sty
Package: kvoptions 2016/05/16 v3.12 Key value format for package options (HO)
)
\@linkdim=\dimen147
\Hy@linkcounter=\count137
\Hy@pagecounter=\count138

(/usr/share/texmf-dist/tex/latex/hyperref/pd1enc.def
File: pd1enc.def 2017/03/14 v6.85a Hyperref: PDFDocEncoding definition (HO)
)
\Hy@SavedSpaceFactor=\count139

(/usr/share/texmf-dist/tex/latex/latexconfig/hyperref.cfg
File: hyperref.cfg 2002/06/06 v1.2 hyperref configuration of TeXLive
)
Package hyperref Info: Hyper figures OFF on input line 4498.
Package hyperref Info: Link nesting OFF on input line 4503.
Package hyperref Info: Hyper index ON on input line 4506.
Package hyperref Info: Plain pages OFF on input line 4513.
Package hyperref Info: Backreferencing OFF on input line 4518.
Package hyperref Info: Implicit mode ON; LaTeX internals redefined.
Package hyperref Info: Bookmarks ON on input line 4751.
\c@Hy@tempcnt=\count140

(/usr/share/texmf-dist/tex/latex/url/url.sty
\Urlmuskip=\muskip10
Package: url 2013/09/16  ver 3.4  Verb mode for urls, etc.
)
LaTeX Info: Redefining \url on input line 5104.
\XeTeXLinkMargin=\dimen148
\Fld@menulength=\count141
\Field@Width=\dimen149
\Fld@charsize=\dimen150
Package hyperref Info: Hyper figures OFF on input line 6358.
Package hyperref Info: Link nesting OFF on input line 6363.
Package hyperref Info: Hyper index ON on input line 6366.
Package hyperref Info: backreferencing OFF on input line 6373.
Package hyperref Info: Link coloring OFF on input line 6378.
Package hyperref Info: Link coloring with OCG OFF on input line 6383.
Package hyperref Info: PDF/A mode OFF on input line 6388.
LaTeX Info: Redefining \ref on input line 6428.
LaTeX Info: Redefining \pageref on input line 6432.
\Hy@abspage=\count142
\c@Item=\count143
\c@Hfootnote=\count144
)
(/usr/share/texmf-dist/tex/latex/memoir/memhfixc.sty
Package: memhfixc 2013/05/30 v1.17 nameref/hyperref package fixes for memoir cl
ass
\c@memhycontfloat=\count145
\c@Hpagenote=\count146
)

Package hyperref Message: Driver (autodetected): hpdftex.

(/usr/share/texmf-dist/tex/latex/hyperref/hpdftex.def
File: hpdftex.def 2017/03/14 v6.85a Hyperref driver for pdfTeX
\Fld@listcount=\count147
\c@bookmark@seq@number=\count148

(/usr/share/texmf-dist/tex/latex/oberdiek/rerunfilecheck.sty
Package: rerunfilecheck 2016/05/16 v1.8 Rerun checks for auxiliary files (HO)
Package uniquecounter Info: New unique counter `rerunfilecheck' on input line 2
82.
)
\Hy@SectionHShift=\skip185
)
(/usr/share/texmf-dist/tex/latex/oberdiek/bookmark.sty
Package: bookmark 2016/05/17 v1.26 PDF bookmarks (HO)

(/usr/share/texmf-dist/tex/latex/oberdiek/bkm-pdftex.def
File: bkm-pdftex.def 2016/05/17 v1.26 bookmark driver for pdfTeX (HO)
\BKM@id=\count149
))
(/usr/share/texmf-dist/tex/generic/babel/babel.sty
Package: babel 2017/11/03 3.15 The Babel package

(/usr/share/texmf-dist/tex/generic/babel/switch.def
File: switch.def 2017/11/03 3.15 Babel switching mechanism
)
(/usr/share/texmf-dist/tex/generic/babel-english/english.ldf
Language: english 2017/06/06 v3.3r English support from the babel system

(/usr/share/texmf-dist/tex/generic/babel/babel.def
File: babel.def 2017/11/03 3.15 Babel common definitions

(/usr/share/texmf-dist/tex/generic/babel/switch.def
File: switch.def 2017/11/03 3.15 Babel switching mechanism
)
\babel@savecnt=\count150
\U@D=\dimen151
)
\l@canadian = a dialect from \language\l@american 
\l@australian = a dialect from \language\l@british 
\l@newzealand = a dialect from \language\l@british 
)
(/usr/share/texmf-dist/tex/generic/babel-portuges/portuges.ldf
Language: portuges 2008/03/18 v1.2q Portuguese support from the babel system
\l@brazil = a dialect from \language\l@portuges 
Package babel Info: Making " an active character on input line 145.
))
(/usr/share/texmf-dist/tex/latex/enumitem/enumitem.sty
Package: enumitem 2011/09/28 v3.5.2 Customized lists
\labelindent=\skip186
\enit@outerparindent=\dimen152
\enit@toks=\toks23
\enit@inbox=\box29
\enitdp@description=\count151
)
(/usr/share/texmf-dist/tex/latex/tools/calc.sty
Package: calc 2014/10/28 v4.3 Infix arithmetic (KKT,FJ)
\calc@Acount=\count152
\calc@Bcount=\count153
\calc@Adimen=\dimen153
\calc@Bdimen=\dimen154
\calc@Askip=\skip187
\calc@Bskip=\skip188
LaTeX Info: Redefining \setlength on input line 80.
LaTeX Info: Redefining \addtolength on input line 81.
\calc@Ccount=\count154
\calc@Cskip=\skip189
)

******************************************************
Stock height and width: 845.04684pt by 597.50787pt
Top and edge trims: 0pt and 0pt
Page height and width: 845.04684pt by 597.50787pt
Text height and width: 708pt by 455pt
Spine and edge margins: 85.35826pt and 56.9055pt
Upper and lower margins: 85.35826pt and 51.68858pt
Headheight and headsep: 14.5pt and 19.8738pt
Footskip: 30pt
Columnsep and columnseprule: 10pt and 0pt
Marginparsep and marginparwidth: 7pt and 42.9055pt
Sidecapsep and sidecapwidth: 7pt and 92pt
Sidebarhsep and sidebarwidth: 7pt and 92pt
Sidebarvsep and sidebartopsep: 14.5pt and 0pt
Sidebarheight: 590.14995pt
Sidefoothsep and sidefootwidth: 7pt and 92pt
Sidefootvsep and sidefootheight: 14.5pt and 590.14995pt
******************************************************

\c@abntex@bookmarkcounter=\count155
\cftlastnumwidth=\skip190
\chapternamenumlength=\skip191
\ABNTEXcitacaorecuo=\skip192
\c@alineasi=\count156
\c@alineasii=\count157
\enitdp@alineas=\count158
\c@subalineasi=\count159
\enitdp@subalineas=\count160
\c@incisosi=\count161
\enitdp@incisos=\count162
\ABNTEXsignwidth=\skip193
\ABNTEXsignthickness=\skip194
\ABNTEXsignskip=\skip256
) (/usr/share/texmf-dist/tex/latex/lm/lmodern.sty
Package: lmodern 2009/10/30 v1.6 Latin Modern Fonts
LaTeX Font Info:    Overwriting symbol font `operators' in version `normal'
(Font)                  OT1/cmr/m/n --> OT1/lmr/m/n on input line 22.
LaTeX Font Info:    Overwriting symbol font `letters' in version `normal'
(Font)                  OML/cmm/m/it --> OML/lmm/m/it on input line 23.
LaTeX Font Info:    Overwriting symbol font `symbols' in version `normal'
(Font)                  OMS/cmsy/m/n --> OMS/lmsy/m/n on input line 24.
LaTeX Font Info:    Overwriting symbol font `largesymbols' in version `normal'
(Font)                  OMX/cmex/m/n --> OMX/lmex/m/n on input line 25.
LaTeX Font Info:    Overwriting symbol font `operators' in version `bold'
(Font)                  OT1/cmr/bx/n --> OT1/lmr/bx/n on input line 26.
LaTeX Font Info:    Overwriting symbol font `letters' in version `bold'
(Font)                  OML/cmm/b/it --> OML/lmm/b/it on input line 27.
LaTeX Font Info:    Overwriting symbol font `symbols' in version `bold'
(Font)                  OMS/cmsy/b/n --> OMS/lmsy/b/n on input line 28.
LaTeX Font Info:    Overwriting symbol font `largesymbols' in version `bold'
(Font)                  OMX/cmex/m/n --> OMX/lmex/m/n on input line 29.
LaTeX Font Info:    Overwriting math alphabet `\mathbf' in version `normal'
(Font)                  OT1/cmr/bx/n --> OT1/lmr/bx/n on input line 31.
LaTeX Font Info:    Overwriting math alphabet `\mathsf' in version `normal'
(Font)                  OT1/cmss/m/n --> OT1/lmss/m/n on input line 32.
LaTeX Font Info:    Overwriting math alphabet `\mathit' in version `normal'
(Font)                  OT1/cmr/m/it --> OT1/lmr/m/it on input line 33.
LaTeX Font Info:    Overwriting math alphabet `\mathtt' in version `normal'
(Font)                  OT1/cmtt/m/n --> OT1/lmtt/m/n on input line 34.
LaTeX Font Info:    Overwriting math alphabet `\mathbf' in version `bold'
(Font)                  OT1/cmr/bx/n --> OT1/lmr/bx/n on input line 35.
LaTeX Font Info:    Overwriting math alphabet `\mathsf' in version `bold'
(Font)                  OT1/cmss/bx/n --> OT1/lmss/bx/n on input line 36.
LaTeX Font Info:    Overwriting math alphabet `\mathit' in version `bold'
(Font)                  OT1/cmr/bx/it --> OT1/lmr/bx/it on input line 37.
LaTeX Font Info:    Overwriting math alphabet `\mathtt' in version `bold'
(Font)                  OT1/cmtt/m/n --> OT1/lmtt/m/n on input line 38.
)
(/usr/share/texmf-dist/tex/latex/base/fontenc.sty
Package: fontenc 2017/04/05 v2.0i Standard LaTeX package

(/usr/share/texmf-dist/tex/latex/base/t1enc.def
File: t1enc.def 2017/04/05 v2.0i Standard LaTeX file
LaTeX Font Info:    Redeclaring font encoding T1 on input line 48.
))
(/usr/share/texmf-dist/tex/latex/base/inputenc.sty
Package: inputenc 2015/03/17 v1.2c Input encoding file
\inpenc@prehook=\toks24
\inpenc@posthook=\toks25

(/usr/share/texmf-dist/tex/latex/base/utf8.def
File: utf8.def 2017/01/28 v1.1t UTF-8 support for inputenc
Now handling font encoding OML ...
... no UTF-8 mapping file for font encoding OML
Now handling font encoding T1 ...
... processing UTF-8 mapping file for font encoding T1

(/usr/share/texmf-dist/tex/latex/base/t1enc.dfu
File: t1enc.dfu 2017/01/28 v1.1t UTF-8 support for inputenc
   defining Unicode char U+00A0 (decimal 160)
   defining Unicode char U+00A1 (decimal 161)
   defining Unicode char U+00A3 (decimal 163)
   defining Unicode char U+00AB (decimal 171)
   defining Unicode char U+00AD (decimal 173)
   defining Unicode char U+00BB (decimal 187)
   defining Unicode char U+00BF (decimal 191)
   defining Unicode char U+00C0 (decimal 192)
   defining Unicode char U+00C1 (decimal 193)
   defining Unicode char U+00C2 (decimal 194)
   defining Unicode char U+00C3 (decimal 195)
   defining Unicode char U+00C4 (decimal 196)
   defining Unicode char U+00C5 (decimal 197)
   defining Unicode char U+00C6 (decimal 198)
   defining Unicode char U+00C7 (decimal 199)
   defining Unicode char U+00C8 (decimal 200)
   defining Unicode char U+00C9 (decimal 201)
   defining Unicode char U+00CA (decimal 202)
   defining Unicode char U+00CB (decimal 203)
   defining Unicode char U+00CC (decimal 204)
   defining Unicode char U+00CD (decimal 205)
   defining Unicode char U+00CE (decimal 206)
   defining Unicode char U+00CF (decimal 207)
   defining Unicode char U+00D0 (decimal 208)
   defining Unicode char U+00D1 (decimal 209)
   defining Unicode char U+00D2 (decimal 210)
   defining Unicode char U+00D3 (decimal 211)
   defining Unicode char U+00D4 (decimal 212)
   defining Unicode char U+00D5 (decimal 213)
   defining Unicode char U+00D6 (decimal 214)
   defining Unicode char U+00D8 (decimal 216)
   defining Unicode char U+00D9 (decimal 217)
   defining Unicode char U+00DA (decimal 218)
   defining Unicode char U+00DB (decimal 219)
   defining Unicode char U+00DC (decimal 220)
   defining Unicode char U+00DD (decimal 221)
   defining Unicode char U+00DE (decimal 222)
   defining Unicode char U+00DF (decimal 223)
   defining Unicode char U+00E0 (decimal 224)
   defining Unicode char U+00E1 (decimal 225)
   defining Unicode char U+00E2 (decimal 226)
   defining Unicode char U+00E3 (decimal 227)
   defining Unicode char U+00E4 (decimal 228)
   defining Unicode char U+00E5 (decimal 229)
   defining Unicode char U+00E6 (decimal 230)
   defining Unicode char U+00E7 (decimal 231)
   defining Unicode char U+00E8 (decimal 232)
   defining Unicode char U+00E9 (decimal 233)
   defining Unicode char U+00EA (decimal 234)
   defining Unicode char U+00EB (decimal 235)
   defining Unicode char U+00EC (decimal 236)
   defining Unicode char U+00ED (decimal 237)
   defining Unicode char U+00EE (decimal 238)
   defining Unicode char U+00EF (decimal 239)
   defining Unicode char U+00F0 (decimal 240)
   defining Unicode char U+00F1 (decimal 241)
   defining Unicode char U+00F2 (decimal 242)
   defining Unicode char U+00F3 (decimal 243)
   defining Unicode char U+00F4 (decimal 244)
   defining Unicode char U+00F5 (decimal 245)
   defining Unicode char U+00F6 (decimal 246)
   defining Unicode char U+00F8 (decimal 248)
   defining Unicode char U+00F9 (decimal 249)
   defining Unicode char U+00FA (decimal 250)
   defining Unicode char U+00FB (decimal 251)
   defining Unicode char U+00FC (decimal 252)
   defining Unicode char U+00FD (decimal 253)
   defining Unicode char U+00FE (decimal 254)
   defining Unicode char U+00FF (decimal 255)
   defining Unicode char U+0100 (decimal 256)
   defining Unicode char U+0101 (decimal 257)
   defining Unicode char U+0102 (decimal 258)
   defining Unicode char U+0103 (decimal 259)
   defining Unicode char U+0104 (decimal 260)
   defining Unicode char U+0105 (decimal 261)
   defining Unicode char U+0106 (decimal 262)
   defining Unicode char U+0107 (decimal 263)
   defining Unicode char U+0108 (decimal 264)
   defining Unicode char U+0109 (decimal 265)
   defining Unicode char U+010A (decimal 266)
   defining Unicode char U+010B (decimal 267)
   defining Unicode char U+010C (decimal 268)
   defining Unicode char U+010D (decimal 269)
   defining Unicode char U+010E (decimal 270)
   defining Unicode char U+010F (decimal 271)
   defining Unicode char U+0110 (decimal 272)
   defining Unicode char U+0111 (decimal 273)
   defining Unicode char U+0112 (decimal 274)
   defining Unicode char U+0113 (decimal 275)
   defining Unicode char U+0114 (decimal 276)
   defining Unicode char U+0115 (decimal 277)
   defining Unicode char U+0116 (decimal 278)
   defining Unicode char U+0117 (decimal 279)
   defining Unicode char U+0118 (decimal 280)
   defining Unicode char U+0119 (decimal 281)
   defining Unicode char U+011A (decimal 282)
   defining Unicode char U+011B (decimal 283)
   defining Unicode char U+011C (decimal 284)
   defining Unicode char U+011D (decimal 285)
   defining Unicode char U+011E (decimal 286)
   defining Unicode char U+011F (decimal 287)
   defining Unicode char U+0120 (decimal 288)
   defining Unicode char U+0121 (decimal 289)
   defining Unicode char U+0122 (decimal 290)
   defining Unicode char U+0123 (decimal 291)
   defining Unicode char U+0124 (decimal 292)
   defining Unicode char U+0125 (decimal 293)
   defining Unicode char U+0128 (decimal 296)
   defining Unicode char U+0129 (decimal 297)
   defining Unicode char U+012A (decimal 298)
   defining Unicode char U+012B (decimal 299)
   defining Unicode char U+012C (decimal 300)
   defining Unicode char U+012D (decimal 301)
   defining Unicode char U+012E (decimal 302)
   defining Unicode char U+012F (decimal 303)
   defining Unicode char U+0130 (decimal 304)
   defining Unicode char U+0131 (decimal 305)
   defining Unicode char U+0132 (decimal 306)
   defining Unicode char U+0133 (decimal 307)
   defining Unicode char U+0134 (decimal 308)
   defining Unicode char U+0135 (decimal 309)
   defining Unicode char U+0136 (decimal 310)
   defining Unicode char U+0137 (decimal 311)
   defining Unicode char U+0139 (decimal 313)
   defining Unicode char U+013A (decimal 314)
   defining Unicode char U+013B (decimal 315)
   defining Unicode char U+013C (decimal 316)
   defining Unicode char U+013D (decimal 317)
   defining Unicode char U+013E (decimal 318)
   defining Unicode char U+0141 (decimal 321)
   defining Unicode char U+0142 (decimal 322)
   defining Unicode char U+0143 (decimal 323)
   defining Unicode char U+0144 (decimal 324)
   defining Unicode char U+0145 (decimal 325)
   defining Unicode char U+0146 (decimal 326)
   defining Unicode char U+0147 (decimal 327)
   defining Unicode char U+0148 (decimal 328)
   defining Unicode char U+014A (decimal 330)
   defining Unicode char U+014B (decimal 331)
   defining Unicode char U+014C (decimal 332)
   defining Unicode char U+014D (decimal 333)
   defining Unicode char U+014E (decimal 334)
   defining Unicode char U+014F (decimal 335)
   defining Unicode char U+0150 (decimal 336)
   defining Unicode char U+0151 (decimal 337)
   defining Unicode char U+0152 (decimal 338)
   defining Unicode char U+0153 (decimal 339)
   defining Unicode char U+0154 (decimal 340)
   defining Unicode char U+0155 (decimal 341)
   defining Unicode char U+0156 (decimal 342)
   defining Unicode char U+0157 (decimal 343)
   defining Unicode char U+0158 (decimal 344)
   defining Unicode char U+0159 (decimal 345)
   defining Unicode char U+015A (decimal 346)
   defining Unicode char U+015B (decimal 347)
   defining Unicode char U+015C (decimal 348)
   defining Unicode char U+015D (decimal 349)
   defining Unicode char U+015E (decimal 350)
   defining Unicode char U+015F (decimal 351)
   defining Unicode char U+0160 (decimal 352)
   defining Unicode char U+0161 (decimal 353)
   defining Unicode char U+0162 (decimal 354)
   defining Unicode char U+0163 (decimal 355)
   defining Unicode char U+0164 (decimal 356)
   defining Unicode char U+0165 (decimal 357)
   defining Unicode char U+0168 (decimal 360)
   defining Unicode char U+0169 (decimal 361)
   defining Unicode char U+016A (decimal 362)
   defining Unicode char U+016B (decimal 363)
   defining Unicode char U+016C (decimal 364)
   defining Unicode char U+016D (decimal 365)
   defining Unicode char U+016E (decimal 366)
   defining Unicode char U+016F (decimal 367)
   defining Unicode char U+0170 (decimal 368)
   defining Unicode char U+0171 (decimal 369)
   defining Unicode char U+0172 (decimal 370)
   defining Unicode char U+0173 (decimal 371)
   defining Unicode char U+0174 (decimal 372)
   defining Unicode char U+0175 (decimal 373)
   defining Unicode char U+0176 (decimal 374)
   defining Unicode char U+0177 (decimal 375)
   defining Unicode char U+0178 (decimal 376)
   defining Unicode char U+0179 (decimal 377)
   defining Unicode char U+017A (decimal 378)
   defining Unicode char U+017B (decimal 379)
   defining Unicode char U+017C (decimal 380)
   defining Unicode char U+017D (decimal 381)
   defining Unicode char U+017E (decimal 382)
   defining Unicode char U+01CD (decimal 461)
   defining Unicode char U+01CE (decimal 462)
   defining Unicode char U+01CF (decimal 463)
   defining Unicode char U+01D0 (decimal 464)
   defining Unicode char U+01D1 (decimal 465)
   defining Unicode char U+01D2 (decimal 466)
   defining Unicode char U+01D3 (decimal 467)
   defining Unicode char U+01D4 (decimal 468)
   defining Unicode char U+01E2 (decimal 482)
   defining Unicode char U+01E3 (decimal 483)
   defining Unicode char U+01E6 (decimal 486)
   defining Unicode char U+01E7 (decimal 487)
   defining Unicode char U+01E8 (decimal 488)
   defining Unicode char U+01E9 (decimal 489)
   defining Unicode char U+01EA (decimal 490)
   defining Unicode char U+01EB (decimal 491)
   defining Unicode char U+01F0 (decimal 496)
   defining Unicode char U+01F4 (decimal 500)
   defining Unicode char U+01F5 (decimal 501)
   defining Unicode char U+0218 (decimal 536)
   defining Unicode char U+0219 (decimal 537)
   defining Unicode char U+021A (decimal 538)
   defining Unicode char U+021B (decimal 539)
   defining Unicode char U+0232 (decimal 562)
   defining Unicode char U+0233 (decimal 563)
   defining Unicode char U+1E02 (decimal 7682)
   defining Unicode char U+1E03 (decimal 7683)
   defining Unicode char U+200C (decimal 8204)
   defining Unicode char U+2010 (decimal 8208)
   defining Unicode char U+2011 (decimal 8209)
   defining Unicode char U+2012 (decimal 8210)
   defining Unicode char U+2013 (decimal 8211)
   defining Unicode char U+2014 (decimal 8212)
   defining Unicode char U+2015 (decimal 8213)
   defining Unicode char U+2018 (decimal 8216)
   defining Unicode char U+2019 (decimal 8217)
   defining Unicode char U+201A (decimal 8218)
   defining Unicode char U+201C (decimal 8220)
   defining Unicode char U+201D (decimal 8221)
   defining Unicode char U+201E (decimal 8222)
   defining Unicode char U+2030 (decimal 8240)
   defining Unicode char U+2031 (decimal 8241)
   defining Unicode char U+2039 (decimal 8249)
   defining Unicode char U+203A (decimal 8250)
   defining Unicode char U+2423 (decimal 9251)
   defining Unicode char U+1E20 (decimal 7712)
   defining Unicode char U+1E21 (decimal 7713)
)
Now handling font encoding OT1 ...
... processing UTF-8 mapping file for font encoding OT1

(/usr/share/texmf-dist/tex/latex/base/ot1enc.dfu
File: ot1enc.dfu 2017/01/28 v1.1t UTF-8 support for inputenc
   defining Unicode char U+00A0 (decimal 160)
   defining Unicode char U+00A1 (decimal 161)
   defining Unicode char U+00A3 (decimal 163)
   defining Unicode char U+00AD (decimal 173)
   defining Unicode char U+00B8 (decimal 184)
   defining Unicode char U+00BF (decimal 191)
   defining Unicode char U+00C5 (decimal 197)
   defining Unicode char U+00C6 (decimal 198)
   defining Unicode char U+00D8 (decimal 216)
   defining Unicode char U+00DF (decimal 223)
   defining Unicode char U+00E6 (decimal 230)
   defining Unicode char U+00EC (decimal 236)
   defining Unicode char U+00ED (decimal 237)
   defining Unicode char U+00EE (decimal 238)
   defining Unicode char U+00EF (decimal 239)
   defining Unicode char U+00F8 (decimal 248)
   defining Unicode char U+0131 (decimal 305)
   defining Unicode char U+0141 (decimal 321)
   defining Unicode char U+0142 (decimal 322)
   defining Unicode char U+0152 (decimal 338)
   defining Unicode char U+0153 (decimal 339)
   defining Unicode char U+0174 (decimal 372)
   defining Unicode char U+0175 (decimal 373)
   defining Unicode char U+0176 (decimal 374)
   defining Unicode char U+0177 (decimal 375)
   defining Unicode char U+0218 (decimal 536)
   defining Unicode char U+0219 (decimal 537)
   defining Unicode char U+021A (decimal 538)
   defining Unicode char U+021B (decimal 539)
   defining Unicode char U+2013 (decimal 8211)
   defining Unicode char U+2014 (decimal 8212)
   defining Unicode char U+2018 (decimal 8216)
   defining Unicode char U+2019 (decimal 8217)
   defining Unicode char U+201C (decimal 8220)
   defining Unicode char U+201D (decimal 8221)
)
Now handling font encoding OMS ...
... processing UTF-8 mapping file for font encoding OMS

(/usr/share/texmf-dist/tex/latex/base/omsenc.dfu
File: omsenc.dfu 2017/01/28 v1.1t UTF-8 support for inputenc
   defining Unicode char U+00A7 (decimal 167)
   defining Unicode char U+00B6 (decimal 182)
   defining Unicode char U+00B7 (decimal 183)
   defining Unicode char U+2020 (decimal 8224)
   defining Unicode char U+2021 (decimal 8225)
   defining Unicode char U+2022 (decimal 8226)
)
Now handling font encoding OMX ...
... no UTF-8 mapping file for font encoding OMX
Now handling font encoding U ...
... no UTF-8 mapping file for font encoding U
Now handling font encoding PD1 ...
... no UTF-8 mapping file for font encoding PD1
   defining Unicode char U+00A9 (decimal 169)
   defining Unicode char U+00AA (decimal 170)
   defining Unicode char U+00AE (decimal 174)
   defining Unicode char U+00BA (decimal 186)
   defining Unicode char U+02C6 (decimal 710)
   defining Unicode char U+02DC (decimal 732)
   defining Unicode char U+200C (decimal 8204)
   defining Unicode char U+2026 (decimal 8230)
   defining Unicode char U+2122 (decimal 8482)
   defining Unicode char U+2423 (decimal 9251)
))
(/usr/share/texmf-dist/tex/latex/lastpage/lastpage.sty
Package: lastpage 2015/03/29 v1.2m Refers to last page's name (HMM; JPG)
)
(/usr/share/texmf-dist/tex/latex/tools/indentfirst.sty
Package: indentfirst 1995/11/23 v1.03 Indent first paragraph (DPC)
)
(/usr/share/texmf-dist/tex/latex/graphics/color.sty
Package: color 2016/07/10 v1.1e Standard LaTeX Color (DPC)

(/usr/share/texmf-dist/tex/latex/graphics-cfg/color.cfg
File: color.cfg 2016/01/02 v1.6 sample color configuration
)
Package color Info: Driver file: pdftex.def on input line 147.

(/usr/share/texmf-dist/tex/latex/graphics-def/pdftex.def
File: pdftex.def 2017/06/24 v1.0g Graphics/color driver for pdftex
))
(/usr/share/texmf-dist/tex/latex/graphics/graphicx.sty
Package: graphicx 2017/06/01 v1.1a Enhanced LaTeX Graphics (DPC,SPQR)

(/usr/share/texmf-dist/tex/latex/graphics/graphics.sty
Package: graphics 2017/06/25 v1.2c Standard LaTeX Graphics (DPC,SPQR)

(/usr/share/texmf-dist/tex/latex/graphics/trig.sty
Package: trig 2016/01/03 v1.10 sin cos tan (DPC)
)
(/usr/share/texmf-dist/tex/latex/graphics-cfg/graphics.cfg
File: graphics.cfg 2016/06/04 v1.11 sample graphics configuration
)
Package graphics Info: Driver file: pdftex.def on input line 99.
)
\Gin@req@height=\dimen155
\Gin@req@width=\dimen156
)
(/usr/share/texmf-dist/tex/latex/graphics/epsfig.sty
Package: epsfig 2017/06/25 v1.7b (e)psfig emulation (SPQR)
\epsfxsize=\dimen157
\epsfysize=\dimen158
)
(/usr/share/texmf-dist/tex/latex/subfig/subfig.sty
Package: subfig 2005/06/28 ver: 1.3 subfig package


Class memoir Warning: You are using the caption package with the memoir class. 
To prepare we will now reset all captioning macros and configurations to kernel
 defaults, and then let the caption package take over. Please remember to use
 the caption package interfaces in order to
 configure your captions.

(/usr/share/texmf-dist/tex/latex/caption/caption.sty
Package: caption 2016/02/21 v3.3-144 Customizing captions (AR)

(/usr/share/texmf-dist/tex/latex/caption/caption3.sty
Package: caption3 2016/05/22 v1.7-166 caption3 kernel (AR)
Package caption3 Info: TeX engine: e-TeX on input line 67.
\captionmargin=\dimen159
\captionmargin@=\dimen160
\captionwidth=\dimen161
\caption@tempdima=\dimen162
\caption@indent=\dimen163
\caption@parindent=\dimen164
\caption@hangindent=\dimen165
)
\c@ContinuedFloat=\count163
Package caption Info: hyperref package is loaded.
)
\c@KVtest=\count164
\sf@farskip=\skip257
\sf@captopadj=\dimen166
\sf@capskip=\skip258
\sf@nearskip=\skip259
\c@subfigure=\count165
\c@subfigure@save=\count166
\c@subtable=\count167
\c@subtable@save=\count168
\sf@top=\skip260
\sf@bottom=\skip261
)
(/usr/share/texmf-dist/tex/latex/microtype/microtype.sty
Package: microtype 2017/07/07 v2.7 Micro-typographical refinements (RS)
\MT@toks=\toks26
\MT@count=\count169
LaTeX Info: Redefining \textls on input line 789.
\MT@outer@kern=\dimen167
LaTeX Info: Redefining \textmicrotypecontext on input line 1334.
\MT@listname@count=\count170

(/usr/share/texmf-dist/tex/latex/microtype/microtype-pdftex.def
File: microtype-pdftex.def 2017/07/07 v2.7 Definitions specific to pdftex (RS)
LaTeX Info: Redefining \lsstyle on input line 912.
LaTeX Info: Redefining \lslig on input line 912.
\MT@outer@space=\skip262
)
Package microtype Info: Loading configuration file microtype.cfg.

(/usr/share/texmf-dist/tex/latex/microtype/microtype.cfg
File: microtype.cfg 2017/07/07 v2.7 microtype main configuration file (RS)
))
(/usr/share/texmf-dist/tex/latex/lipsum/lipsum.sty
Package: lipsum 2014/07/27 v1.3 150 paragraphs of Lorem Ipsum dummy text
\c@lips@count=\count171
)
(/usr/share/texmf-dist/tex/latex/amsmath/amsmath.sty
Package: amsmath 2017/09/02 v2.17a AMS math features
\@mathmargin=\skip263

For additional information on amsmath, use the `?' option.
(/usr/share/texmf-dist/tex/latex/amsmath/amstext.sty
Package: amstext 2000/06/29 v2.01 AMS text

(/usr/share/texmf-dist/tex/latex/amsmath/amsgen.sty
File: amsgen.sty 1999/11/30 v2.0 generic functions
\@emptytoks=\toks27
\ex@=\dimen168
))
(/usr/share/texmf-dist/tex/latex/amsmath/amsbsy.sty
Package: amsbsy 1999/11/29 v1.2d Bold Symbols
\pmbraise@=\dimen169
)
(/usr/share/texmf-dist/tex/latex/amsmath/amsopn.sty
Package: amsopn 2016/03/08 v2.02 operator names
)
\inf@bad=\count172
LaTeX Info: Redefining \frac on input line 213.
\uproot@=\count173
\leftroot@=\count174
LaTeX Info: Redefining \overline on input line 375.
\classnum@=\count175
\DOTSCASE@=\count176
LaTeX Info: Redefining \ldots on input line 472.
LaTeX Info: Redefining \dots on input line 475.
LaTeX Info: Redefining \cdots on input line 596.
\Mathstrutbox@=\box30
\strutbox@=\box31
\big@size=\dimen170
LaTeX Font Info:    Redeclaring font encoding OML on input line 712.
LaTeX Font Info:    Redeclaring font encoding OMS on input line 713.
\macc@depth=\count177
\c@MaxMatrixCols=\count178
\dotsspace@=\muskip11
\c@parentequation=\count179
\dspbrk@lvl=\count180
\tag@help=\toks28
\row@=\count181
\column@=\count182
\maxfields@=\count183
\andhelp@=\toks29
\eqnshift@=\dimen171
\alignsep@=\dimen172
\tagshift@=\dimen173
\tagwidth@=\dimen174
\totwidth@=\dimen175
\lineht@=\dimen176
\@envbody=\toks30
\multlinegap=\skip264
\multlinetaggap=\skip265
\mathdisplay@stack=\toks31
LaTeX Info: Redefining \[ on input line 2817.
LaTeX Info: Redefining \] on input line 2818.
)
(/usr/share/texmf-dist/tex/latex/amsfonts/amssymb.sty
Package: amssymb 2013/01/14 v3.01 AMS font symbols

(/usr/share/texmf-dist/tex/latex/amsfonts/amsfonts.sty
Package: amsfonts 2013/01/14 v3.01 Basic AMSFonts support
\symAMSa=\mathgroup4
\symAMSb=\mathgroup5
LaTeX Font Info:    Overwriting math alphabet `\mathfrak' in version `bold'
(Font)                  U/euf/m/n --> U/euf/b/n on input line 106.
))
(/usr/share/texmf-dist/tex/latex/jknapltx/mathrsfs.sty
Package: mathrsfs 1996/01/01 Math RSFS package v1.0 (jk)
\symrsfs=\mathgroup6
)
(/usr/share/texmf-dist/tex/latex/tools/afterpage.sty
Package: afterpage 2014/10/28 v1.08 After-Page Package (DPC)
\AP@output=\toks32
\AP@partial=\box32
\AP@footins=\box33
)
(/usr/share/texmf-dist/tex/latex/algorithm2e/algorithm2e.sty
Package: algorithm2e 2017/07/18 v5.2 algorithms environments
\c@AlgoLine=\count184
\algocf@hangindent=\skip266

(/usr/share/texmf-dist/tex/latex/ifoddpage/ifoddpage.sty
Package: ifoddpage 2016/04/23 v1.1 Conditionals for odd/even page detection
\c@checkoddpage=\count185
LaTeX Info: Redefining \checkoddpage on input line 45.
)
(/usr/share/texmf-dist/tex/latex/tools/xspace.sty
Package: xspace 2014/10/28 v1.13 Space after command names (DPC,MH)
)
(/usr/share/texmf-dist/tex/latex/relsize/relsize.sty
Package: relsize 2013/03/29 ver 4.1
)
\skiptotal=\skip267
\skiplinenumber=\skip268
\skiprule=\skip269
\skiphlne=\skip270
\skiptext=\skip271
\skiplength=\skip272
\algomargin=\skip273
\skipalgocfslide=\skip274
\algowidth=\dimen177
\inoutsize=\dimen178
\inoutindent=\dimen179
\interspacetitleruled=\dimen180
\interspacealgoruled=\dimen181
\interspacetitleboxruled=\dimen182
\algocf@ruledwidth=\skip275
\algocf@inoutbox=\box34
\algocf@inputbox=\box35
\AlCapSkip=\skip276
\AlCapHSkip=\skip277
\algoskipindent=\skip278
\algocf@nlbox=\box36
\algocf@hangingbox=\box37
\algocf@untilbox=\box38
\algocf@skipuntil=\skip279
\algocf@capbox=\box39
\algocf@lcaptionbox=\skip280
\algoheightruledefault=\skip281
\algoheightrule=\skip282
\algotitleheightruledefault=\skip283
\algotitleheightrule=\skip284
\c@algocfline=\count186
\c@algocfproc=\count187
\c@algocf=\count188
\algocf@algoframe=\box40
\algocf@algobox=\box41
)
(/usr/share/texmf-dist/tex/latex/wasysym/wasysym.sty
Package: wasysym 2003/10/30 v2.0 Wasy-2 symbol support package
\symwasy=\mathgroup7
LaTeX Font Info:    Overwriting symbol font `wasy' in version `bold'
(Font)                  U/wasy/m/n --> U/wasy/b/n on input line 90.
)
(/usr/share/texmf-dist/tex/latex/tools/longtable.sty
Package: longtable 2014/10/28 v4.11 Multi-page Table package (DPC)
\LTleft=\skip285
\LTright=\skip286
\LTpre=\skip287
\LTpost=\skip288
\LTchunksize=\count189
\LTcapwidth=\dimen183
\LT@head=\box42
\LT@firsthead=\box43
\LT@foot=\box44
\LT@lastfoot=\box45
\LT@cols=\count190
\LT@rows=\count191
\c@LT@tables=\count192
\c@LT@chunks=\count193
\LT@p@ftn=\toks33
)
(/usr/share/texmf-dist/tex/latex/multirow/multirow.sty
Package: multirow 2016/11/25 v2.2 Span multiple rows of a table
\multirow@colwidth=\skip289
\multirow@cntb=\count194
\multirow@dima=\skip290
\bigstrutjot=\dimen184
)
(/usr/share/texmf-dist/tex/latex/xcolor/xcolor.sty
Package: xcolor 2016/05/11 v2.12 LaTeX color extensions (UK)

(/usr/share/texmf-dist/tex/latex/graphics-cfg/color.cfg
File: color.cfg 2016/01/02 v1.6 sample color configuration
)
Package xcolor Info: Driver file: pdftex.def on input line 225.

(/usr/share/texmf-dist/tex/latex/colortbl/colortbl.sty
Package: colortbl 2012/02/13 v1.0a Color table columns (DPC)
\everycr=\toks34
\minrowclearance=\skip291
)
LaTeX Info: Redefining \color on input line 709.
\rownum=\count266
Package xcolor Info: Model `cmy' substituted by `cmy0' on input line 1348.
Package xcolor Info: Model `hsb' substituted by `rgb' on input line 1352.
Package xcolor Info: Model `RGB' extended on input line 1364.
Package xcolor Info: Model `HTML' substituted by `rgb' on input line 1366.
Package xcolor Info: Model `Hsb' substituted by `hsb' on input line 1367.
Package xcolor Info: Model `tHsb' substituted by `hsb' on input line 1368.
Package xcolor Info: Model `HSB' substituted by `hsb' on input line 1369.
Package xcolor Info: Model `Gray' substituted by `gray' on input line 1370.
Package xcolor Info: Model `wave' substituted by `hsb' on input line 1371.
)
(/usr/share/texmf-dist/tex/latex/placeins/placeins.sty
Package: placeins 2005/04/18  v 2.2
)
(/usr/share/texmf-dist/tex/latex/hyperref/backref.sty
Package: backref 2016/05/21 v1.39 Bibliographical back referencing
)
(/usr/share/texmf-dist/tex/latex/abntex2/abntex2cite.sty
Package: abntex2cite 2016/02/26 v-1.9.6 abnTeX2

(/usr/share/texmf-dist/tex/latex/abntex2/abntex2abrev.sty)
\minimumbiblabelwidth=\skip292
\ABCIauxlen=\skip293
\c@ABCIaux=\count267
\c@ABCImax=\count268
\biblabelsep=\skip294
LaTeX Info: Redefining \newblock on input line 591.
LaTeX Info: Redefining \cite on input line 618.
\ABCItoken=\toks35
)
\@input{extras/conf_citacoes.aux}
\openout2 = `extras/conf_citacoes.aux'.

(./extras/conf_citacoes.tex)
\@input{extras/dados.aux}
\openout2 = `extras/dados.aux'.

(./extras/dados.tex)
\@input{extras/conf_pdf.aux}
\openout2 = `extras/conf_pdf.aux'.

(./extras/conf_pdf.tex
Package hyperref Info: Option `colorlinks' set `true' on input line 22.
)
\dissertacao@idxfile=\write4
\openout4 = `dissertacao.idx'.


Writing index file dissertacao.idx 
(./dissertacao.aux (./pretextual/capa.aux) (./pretextual/catalografica.aux)
(./pretextual/assinaturas.aux) (./pretextual/resumos.aux)
(./capitulos/introducao.aux) (./capitulos/referencialTeorico.aux)
(./capitulos/ferramentas.aux

LaTeX Warning: Label `fig:EFD_R_3:efd:atr2' multiply defined.


LaTeX Warning: Label `sub@fig:EFD_R_3:efd:atr2' multiply defined.

) (./capitulos/resultados.aux

LaTeX Warning: Label `tab:rot:iris:cart' multiply defined.

) (./capitulos/conclusao.aux

LaTeX Warning: Label `fig:graf:GLASS_NB_3' multiply defined.


LaTeX Warning: Label `sub@fig:graf:GLASS_NB_3' multiply defined.

) (./postextual/apendices.aux))
\openout1 = `dissertacao.aux'.

LaTeX Font Info:    Checking defaults for OML/cmm/m/it on input line 96.
LaTeX Font Info:    ... okay on input line 96.
LaTeX Font Info:    Checking defaults for T1/cmr/m/n on input line 96.
LaTeX Font Info:    ... okay on input line 96.
LaTeX Font Info:    Checking defaults for OT1/cmr/m/n on input line 96.
LaTeX Font Info:    ... okay on input line 96.
LaTeX Font Info:    Checking defaults for OMS/cmsy/m/n on input line 96.
LaTeX Font Info:    ... okay on input line 96.
LaTeX Font Info:    Checking defaults for OMX/cmex/m/n on input line 96.
LaTeX Font Info:    ... okay on input line 96.
LaTeX Font Info:    Checking defaults for U/cmr/m/n on input line 96.
LaTeX Font Info:    ... okay on input line 96.
LaTeX Font Info:    Checking defaults for PD1/pdf/m/n on input line 96.
LaTeX Font Info:    ... okay on input line 96.
LaTeX Font Info:    Try loading font information for T1+lmr on input line 96.
 (/usr/share/texmf-dist/tex/latex/lm/t1lmr.fd
File: t1lmr.fd 2009/10/30 v1.6 Font defs for Latin Modern
)
\AtBeginShipoutBox=\box46
Package hyperref Info: Link coloring ON on input line 96.

(/usr/share/texmf-dist/tex/latex/hyperref/nameref.sty
Package: nameref 2016/05/21 v2.44 Cross-referencing by name of section

(/usr/share/texmf-dist/tex/generic/oberdiek/gettitlestring.sty
Package: gettitlestring 2016/05/16 v1.5 Cleanup title references (HO)
)
\c@section@level=\count269
)
Redoing nameref's sectioning
Redoing nameref's label
LaTeX Info: Redefining \nameref on input line 96.
LaTeX Info: Redefining \ref on input line 96.
LaTeX Info: Redefining \pageref on input line 96.
LaTeX Info: Redefining \nameref on input line 96.
\myptabbox=\box47
\myptabboxwidth=\skip295
Package lastpage Info: Please have a look at the pageslts package at
(lastpage)             https://www.ctan.org/pkg/pageslts
(lastpage)             ! on input line 96.
(/usr/share/texmf-dist/tex/context/base/mkii/supp-pdf.mkii
[Loading MPS to PDF converter (version 2006.09.02).]
\scratchcounter=\count270
\scratchdimen=\dimen185
\scratchbox=\box48
\nofMPsegments=\count271
\nofMParguments=\count272
\everyMPshowfont=\toks36
\MPscratchCnt=\count273
\MPscratchDim=\dimen186
\MPnumerator=\count274
\makeMPintoPDFobject=\count275
\everyMPtoPDFconversion=\toks37
) (/usr/share/texmf-dist/tex/latex/oberdiek/epstopdf-base.sty
Package: epstopdf-base 2016/05/15 v2.6 Base part for package epstopdf

(/usr/share/texmf-dist/tex/latex/oberdiek/grfext.sty
Package: grfext 2016/05/16 v1.2 Manage graphics extensions (HO)
)
Package epstopdf-base Info: Redefining graphics rule for `.eps' on input line 4
38.
Package grfext Info: Graphics extension search list:
(grfext)             [.pdf,.png,.jpg,.mps,.jpeg,.jbig2,.jb2,.PDF,.PNG,.JPG,.JPE
G,.JBIG2,.JB2,.eps]
(grfext)             \AppendGraphicsExtensions on input line 456.

(/usr/share/texmf-dist/tex/latex/latexconfig/epstopdf-sys.cfg
File: epstopdf-sys.cfg 2010/07/13 v1.3 Configuration of (r)epstopdf for TeX Liv
e
))
Package caption Info: Begin \AtBeginDocument code.
Package caption Info: subfig package v1.3 is loaded.
Package caption Info: longtable package is loaded.

(/usr/share/texmf-dist/tex/latex/caption/ltcaption.sty
Package: ltcaption 2013/06/09 v1.4-94 longtable captions (AR)
)
Package caption Info: End \AtBeginDocument code.
LaTeX Info: Redefining \microtypecontext on input line 96.
Package microtype Info: Generating PDF output.
Package microtype Info: Character protrusion enabled (level 2).
Package microtype Info: Using default protrusion set `alltext'.
Package microtype Info: Automatic font expansion enabled (level 2),
(microtype)             stretch: 20, shrink: 20, step: 1, non-selected.
Package microtype Info: Using default expansion set `basictext'.
Package microtype Info: No adjustment of tracking.
Package microtype Info: No adjustment of interword spacing.
Package microtype Info: No adjustment of character kerning.

(/usr/share/texmf-dist/tex/latex/microtype/mt-cmr.cfg
File: mt-cmr.cfg 2013/05/19 v2.2 microtype config. file: Computer Modern Roman 
(RS)
)
\openout2 = `pretextual/capa.aux'.

 (./pretextual/capa.tex
<figs/logo.pdf, id=4, pagebox=cropbox, 398.3386pt x 483.69688pt>
File: figs/logo.pdf Graphic file (type pdf)
<use figs/logo.pdf>
Package pdftex.def Info: figs/logo.pdf  used on input line 7. on input line 7.
Package pdftex.def Info: Requested size: 79.6663pt x 96.73766pt on input line 7
.
LaTeX Font Info:    Try loading font information for T1+lmss on input line 10.

(/usr/share/texmf-dist/tex/latex/lm/t1lmss.fd
File: t1lmss.fd 2009/10/30 v1.6 Font defs for Latin Modern
)
Package microtype Info: Loading generic protrusion settings for font family
(microtype)             `lmss' (encoding: T1).
(microtype)             For optimal results, create family-specific settings.
(microtype)             See the microtype manual for details.
 [1








{/usr/share/texmf-dist/fonts/map/pdftex/updmap/pdftex.map} <./figs/logo.pdf>] [
2

])
LaTeX Font Info:    Try loading font information for OT1+lmr on input line 111.


(/usr/share/texmf-dist/tex/latex/lm/ot1lmr.fd
File: ot1lmr.fd 2009/10/30 v1.6 Font defs for Latin Modern
)
LaTeX Font Info:    Try loading font information for OML+lmm on input line 111.


(/usr/share/texmf-dist/tex/latex/lm/omllmm.fd
File: omllmm.fd 2009/10/30 v1.6 Font defs for Latin Modern
)
LaTeX Font Info:    Try loading font information for OMS+lmsy on input line 111
.

(/usr/share/texmf-dist/tex/latex/lm/omslmsy.fd
File: omslmsy.fd 2009/10/30 v1.6 Font defs for Latin Modern
)
LaTeX Font Info:    Try loading font information for OMX+lmex on input line 111
.

(/usr/share/texmf-dist/tex/latex/lm/omxlmex.fd
File: omxlmex.fd 2009/10/30 v1.6 Font defs for Latin Modern
)
LaTeX Font Info:    External font `lmex10' loaded for size
(Font)              <12> on input line 111.
LaTeX Font Info:    External font `lmex10' loaded for size
(Font)              <8> on input line 111.
LaTeX Font Info:    External font `lmex10' loaded for size
(Font)              <6> on input line 111.
LaTeX Font Info:    Try loading font information for U+msa on input line 111.

(/usr/share/texmf-dist/tex/latex/amsfonts/umsa.fd
File: umsa.fd 2013/01/14 v3.01 AMS symbols A
)
(/usr/share/texmf-dist/tex/latex/microtype/mt-msa.cfg
File: mt-msa.cfg 2006/02/04 v1.1 microtype config. file: AMS symbols (a) (RS)
)
LaTeX Font Info:    Try loading font information for U+msb on input line 111.

(/usr/share/texmf-dist/tex/latex/amsfonts/umsb.fd
File: umsb.fd 2013/01/14 v3.01 AMS symbols B
)
(/usr/share/texmf-dist/tex/latex/microtype/mt-msb.cfg
File: mt-msb.cfg 2005/06/01 v1.0 microtype config. file: AMS symbols (b) (RS)
)
LaTeX Font Info:    Try loading font information for U+rsfs on input line 111.

(/usr/share/texmf-dist/tex/latex/jknapltx/ursfs.fd
File: ursfs.fd 1998/03/24 rsfs font definition file (jk)
)
LaTeX Font Info:    Try loading font information for U+wasy on input line 111.

(/usr/share/texmf-dist/tex/latex/wasysym/uwasy.fd
File: uwasy.fd 2003/10/30 v2.0 Wasy-2 symbol font definitions
)pdfTeX warning (ext4): destination with the same identifier (name{page.1}) has
 been already used, duplicate ignored
<to be read again> 
                   \relax 
l.111 
       [1



]
\openout2 = `pretextual/catalografica.aux'.

 (./pretextual/catalografica.tex
Underfull \hbox (badness 10000) in paragraph at lines 25--26

 []


Underfull \hbox (badness 10000) in paragraph at lines 27--28

 []


Overfull \hbox (16.44858pt too wide) in paragraph at lines 29--32
[]  [] 
 []


Underfull \hbox (badness 10000) in paragraph at lines 29--32

 []


Underfull \hbox (badness 10000) in paragraph at lines 33--41

 []


Underfull \hbox (badness 10000) in paragraph at lines 42--43

 []

LaTeX Font Info:    External font `lmex10' loaded for size
(Font)              <10> on input line 44.
LaTeX Font Info:    External font `lmex10' loaded for size
(Font)              <7> on input line 44.
LaTeX Font Info:    External font `lmex10' loaded for size
(Font)              <5> on input line 44.
)pdfTeX warning (ext4): destination with the same identifier (name{page.2}) has
 been already used, duplicate ignored
<to be read again> 
                   \relax 
l.113 \include{pretextual/catalografica}
                                         [2

]
\openout2 = `pretextual/assinaturas.aux'.

 (./pretextual/assinaturas.tex
[3



] [4

])
\openout2 = `pretextual/resumos.aux'.

 (./pretextual/resumos.tex [5


] [6

] [7] [8

]) (./dissertacao.lof)
[9

] [10

] (./dissertacao.lot

LaTeX Warning: Citation `LOPES2014' on page 11 undefined on input line 38.

[11]) [12] [13


] [14

] (./dissertacao.toc [15]
LaTeX Font Info:    External font `lmex10' loaded for size
(Font)              <14.4> on input line 64.
) [16]
\c@teorema=\count276
\openout2 = `capitulos/introducao.aux'.

 (./capitulos/introducao.texpdfTeX warning (ext4): destination with the same id
entifier (name{page.1}) has been already used, duplicate ignored
<to be read again> 
                   \relax 
l.34         \begin{itemize}[noitemsep]
                                        [1



]
LaTeX Font Info:    Try loading font information for OMS+lmr on input line 35.

(/usr/share/texmf-dist/tex/latex/lm/omslmr.fd
File: omslmr.fd 2009/10/30 v1.6 Font defs for Latin Modern
)
LaTeX Font Info:    Font shape `OMS/lmr/m/it' in size <12> not available
(Font)              Font shape `OMS/lmsy/m/n' tried instead on input line 35.
pdfTeX warning (ext4): destination with the same identifier (name{page.2}) has 
been already used, duplicate ignored
<to be read again> 
                   \relax 
l.54 
      [2])pdfTeX warning (ext4): destination with the same identifier (name{pag
e.3}) has been already used, duplicate ignored
<to be read again> 
                   \relax 
l.178 \include{capitulos/introducao}
                                     [3]
\openout2 = `capitulos/referencialTeorico.aux'.

 (./capitulos/referencialTeorico.texpdfTeX warning (ext4): destination with the
 same identifier (name{page.4}) has been already used, duplicate ignored
<to be read again> 
                   \relax 
l.30 
      [4



]
Overfull \hbox (24.32973pt too wide) in paragraph at lines 41--47
\T1/lmr/m/n/12 (-20) apren-di-za-gem su-per-vi-si-o-nada, pois dado um con-junt
o de trei-na-mento, $[]$,
 []

<figs/grafA.png, id=405, 142.28156pt x 87.32625pt>
File: figs/grafA.png Graphic file (type png)
<use figs/grafA.png>
Package pdftex.def Info: figs/grafA.png  used on input line 52. on input line 5
2.
Package pdftex.def Info: Requested size: 113.8254pt x 69.86108pt on input line 
52.
<figs/grafB.png, id=407, 142.28156pt x 85.06781pt>
File: figs/grafB.png Graphic file (type png)
<use figs/grafB.png>
Package pdftex.def Info: figs/grafB.png  used on input line 56. on input line 5
6.
Package pdftex.def Info: Requested size: 113.8254pt x 68.05434pt on input line 
56.

LaTeX Warning: `!h' float specifier changed to `!ht'.

pdfTeX warning (ext4): destination with the same identifier (name{page.5}) has 
been already used, duplicate ignored
<to be read again> 
                   \relax 
l.69 E
      m anlise da figura \ref{fig:graf1} so apresentadas duas hipteses...
[5]
<figs/arvoredecisao_nos.png, id=423, 342.27875pt x 274.02374pt>
File: figs/arvoredecisao_nos.png Graphic file (type png)
<use figs/arvoredecisao_nos.png>
Package pdftex.def Info: figs/arvoredecisao_nos.png  used on input line 78. on 
input line 78.
Package pdftex.def Info: Requested size: 171.13895pt x 137.01154pt on input lin
e 78.
pdfTeX warning (ext4): destination with the same identifier (name{page.6}) has 
been already used, duplicate ignored
<to be read again> 
                   \relax 
l.83 
      [6 <./figs/grafA.png> <./figs/grafB.png> <./figs/arvoredecisao_nos.png>]
LaTeX Font Info:    Font shape `OMS/lmr/m/n' in size <12> not available
(Font)              Font shape `OMS/lmsy/m/n' tried instead on input line 90.
pdfTeX warning (ext4): destination with the same identifier (name{page.7}) has 
been already used, duplicate ignored
<to be read again> 
                   \relax 
l.108 
       [7]pdfTeX warning (ext4): destination with the same identifier (name{pag
e.8}) has been already used, duplicate ignored
<to be read again> 
                   \relax 
l.196 
       [8]

! Package inputenc Error: Unicode char  (U+B4)
(inputenc)                not set up for use with LaTeX.

See the inputenc package documentation for explanation.
Type  H <return>  for immediate help.
 ...                                              
                                                  
l.253 ...registro assume uma condio de jogo 
                                                  Sim'' ou ``No'' - por ...

Your command was ignored.
Type  I <command> <return>  to replace it with another command,
or  <return>  to continue without it.


! Package inputenc Error: Unicode char  (U+B4)
(inputenc)                not set up for use with LaTeX.

See the inputenc package documentation for explanation.
Type  H <return>  for immediate help.
 ...                                              
                                                  
l.253 ...gistro assume uma condio de jogo 
                                                  Sim'' ou ``No'' - por ex...

Your command was ignored.
Type  I <command> <return>  to replace it with another command,
or  <return>  to continue without it.

pdfTeX warning (ext4): destination with the same identifier (name{page.9}) has 
been already used, duplicate ignored
<to be read again> 
                   \relax 
l.254 
       [9]pdfTeX warning (ext4): destination with the same identifier (name{pag
e.10}) has been already used, duplicate ignored
<to be read again> 
                   \relax 
l.272 
       [10]
<figs/ex_knn1.png, id=489, 231.86626pt x 170.6375pt>
File: figs/ex_knn1.png Graphic file (type png)
<use figs/ex_knn1.png>
Package pdftex.def Info: figs/ex_knn1.png  used on input line 279. on input lin
e 279.
Package pdftex.def Info: Requested size: 208.67769pt x 153.57231pt on input lin
e 279.
pdfTeX warning (ext4): destination with the same identifier (name{page.11}) has
 been already used, duplicate ignored
<to be read again> 
                   \relax 
l.305 
       [11 <./figs/ex_knn1.png>]
<figs/circulo.png, id=503, 43.16125pt x 43.16125pt>
File: figs/circulo.png Graphic file (type png)
<use figs/circulo.png>
Package pdftex.def Info: figs/circulo.png  used on input line 314. on input lin
e 314.
Package pdftex.def Info: Requested size: 8.63208pt x 8.63208pt on input line 31
4.
<figs/quadrado.png, id=504, 43.16125pt x 43.16125pt>
File: figs/quadrado.png Graphic file (type png)
<use figs/quadrado.png>
Package pdftex.def Info: figs/quadrado.png  used on input line 315. on input li
ne 315.
Package pdftex.def Info: Requested size: 8.63208pt x 8.63208pt on input line 31
5.
File: figs/quadrado.png Graphic file (type png)
<use figs/quadrado.png>
Package pdftex.def Info: figs/quadrado.png  used on input line 316. on input li
ne 316.
Package pdftex.def Info: Requested size: 8.63208pt x 8.63208pt on input line 31
6.
File: figs/circulo.png Graphic file (type png)
<use figs/circulo.png>
Package pdftex.def Info: figs/circulo.png  used on input line 317. on input lin
e 317.
Package pdftex.def Info: Requested size: 8.63208pt x 8.63208pt on input line 31
7.
File: figs/circulo.png Graphic file (type png)
<use figs/circulo.png>
Package pdftex.def Info: figs/circulo.png  used on input line 318. on input lin
e 318.
Package pdftex.def Info: Requested size: 8.63208pt x 8.63208pt on input line 31
8.
pdfTeX warning (ext4): destination with the same identifier (name{page.12}) has
 been already used, duplicate ignored
<to be read again> 
                   \relax 
l.337 
       [12 <./figs/circulo.png> <./figs/quadrado.png>]
<figs/amostra_dados_AprendNSuperv.png, id=517, 519.9425pt x 505.89pt>
File: figs/amostra_dados_AprendNSuperv.png Graphic file (type png)
<use figs/amostra_dados_AprendNSuperv.png>
Package pdftex.def Info: figs/amostra_dados_AprendNSuperv.png  used on input li
ne 342. on input line 342.
Package pdftex.def Info: Requested size: 207.97331pt x 202.3524pt on input line
 342.
pdfTeX warning (ext4): destination with the same identifier (name{page.13}) has
 been already used, duplicate ignored
<to be read again> 
                   \relax 
l.365 
       [13 <./figs/amostra_dados_AprendNSuperv.png>]
<figs/faixaA-B_PontoCorte.png, id=533, 142.28156pt x 85.06781pt>
File: figs/faixaA-B_PontoCorte.png Graphic file (type png)
<use figs/faixaA-B_PontoCorte.png>
Package pdftex.def Info: figs/faixaA-B_PontoCorte.png  used on input line 378. 
on input line 378.
Package pdftex.def Info: Requested size: 142.2812pt x 85.0676pt on input line 3
78.


LaTeX Warning: Command \' invalid in math mode on input line 396.

pdfTeX warning (ext4): destination with the same identifier (name{page.14}) has
 been already used, duplicate ignored
<to be read again> 
                   \relax 
l.403 
       [14 <./figs/faixaA-B_PontoCorte.png>]
<figs/discretizacaoEWD.png, id=548, 479.54156pt x 79.79813pt>
File: figs/discretizacaoEWD.png Graphic file (type png)
<use figs/discretizacaoEWD.png>
Package pdftex.def Info: figs/discretizacaoEWD.png  used on input line 407. on 
input line 407.
Package pdftex.def Info: Requested size: 287.72716pt x 47.87923pt on input line
 407.
pdfTeX warning (ext4): destination with the same identifier (name{page.15}) has
 been already used, duplicate ignored
<to be read again> 
                   \relax 
l.600 
       [15 <./figs/discretizacaoEWD.png (PNG copy)>]
<figs/ewd_fisheriris_col1.png, id=564, 422.32782pt x 31.61812pt>
File: figs/ewd_fisheriris_col1.png Graphic file (type png)
<use figs/ewd_fisheriris_col1.png>
Package pdftex.def Info: figs/ewd_fisheriris_col1.png  used on input line 605. 
on input line 605.
Package pdftex.def Info: Requested size: 337.8627pt x 25.29451pt on input line 
605.


LaTeX Warning: Command \' invalid in math mode on input line 628.

pdfTeX warning (ext4): destination with the same identifier (name{page.16}) has
 been already used, duplicate ignored
<to be read again> 
                   \relax 
l.629 
       [16 <./figs/ewd_fisheriris_col1.png (PNG copy)>]
<figs/discretizacaoEFD.png, id=574, 487.06969pt x 94.10156pt>
File: figs/discretizacaoEFD.png Graphic file (type png)
<use figs/discretizacaoEFD.png>
Package pdftex.def Info: figs/discretizacaoEFD.png  used on input line 640. on 
input line 640.
Package pdftex.def Info: Requested size: 292.24405pt x 56.46136pt on input line
 640.
<figs/efd_fisheriris_col1.png, id=587, 359.09157pt x 36.135pt>
File: figs/efd_fisheriris_col1.png Graphic file (type png)
<use figs/efd_fisheriris_col1.png>
Package pdftex.def Info: figs/efd_fisheriris_col1.png  used on input line 653. 
on input line 653.
Package pdftex.def Info: Requested size: 323.17941pt x 32.52116pt on input line
 653.


LaTeX Warning: `h' float specifier changed to `ht'.

[17 <./figs/discretizacaoEFD.png (PNG copy)>] [18 <./figs/efd_fisheriris_col1.p
ng (PNG copy)>]
Underfull \vbox (badness 10000) has occurred while \output is active []

 [19]
<figs/modeloLopes.png, id=640, 264.99pt x 216.81pt>
File: figs/modeloLopes.png Graphic file (type png)
<use figs/modeloLopes.png>
Package pdftex.def Info: figs/modeloLopes.png  used on input line 706. on input
 line 706.
Package pdftex.def Info: Requested size: 264.98935pt x 216.80946pt on input lin
e 706.

[20 <./figs/modeloLopes.png (PNG copy)>]
Underfull \vbox (badness 10000) has occurred while \output is active []

 [21])
[22]
\openout2 = `capitulos/ferramentas.aux'.

 (./capitulos/ferramentas.tex

LaTeX Warning: Citation `LOPES2014' on page 23 undefined on input line 15.

[23



]
<figs/modeloResolucao.png, id=708, 733.74126pt x 398.48875pt>
File: figs/modeloResolucao.png Graphic file (type png)
<use figs/modeloResolucao.png>
Package pdftex.def Info: figs/modeloResolucao.png  used on input line 79. on in
put line 79.
Package pdftex.def Info: Requested size: 440.24815pt x 239.0951pt on input line
 79.
 [24]
Underfull \vbox (badness 1675) has occurred while \output is active []

 [25 <./figs/modeloResolucao.png>]
<figs/tecnicamodelo.png, id=733, 322.20375pt x 91.34125pt>
File: figs/tecnicamodelo.png Graphic file (type png)
<use figs/tecnicamodelo.png>
Package pdftex.def Info: figs/tecnicamodelo.png  used on input line 101. on inp
ut line 101.
Package pdftex.def Info: Requested size: 225.54108pt x 63.93843pt on input line
 101.
<figs/tecnicamodeloComp.png, id=735, 348.30125pt x 343.2825pt>
File: figs/tecnicamodeloComp.png Graphic file (type png)
<use figs/tecnicamodeloComp.png>
Package pdftex.def Info: figs/tecnicamodeloComp.png  used on input line 109. on
 input line 109.
Package pdftex.def Info: Requested size: 243.8092pt x 240.2961pt on input line 
109.
 [26 <./figs/tecnicamodelo.png> <./figs/tecnicamodeloComp.png>]
<figs/montagem_matrizAtribImp.png, id=743, 761.84625pt x 522.95375pt>
File: figs/montagem_matrizAtribImp.png Graphic file (type png)
<use figs/montagem_matrizAtribImp.png>
Package pdftex.def Info: figs/montagem_matrizAtribImp.png  used on input line 1
19. on input line 119.
Package pdftex.def Info: Requested size: 380.9222pt x 261.47623pt on input line
 119.
 [27 <./figs/montagem_matrizAtribImp.png>]
Underfull \vbox (badness 10000) has occurred while \output is active []

 [28]
<figs/discretizacaoEFD_R_3_atr1.png, id=765, 468.24937pt x 54.2025pt>
File: figs/discretizacaoEFD_R_3_atr1.png Graphic file (type png)
<use figs/discretizacaoEFD_R_3_atr1.png>
Package pdftex.def Info: figs/discretizacaoEFD_R_3_atr1.png  used on input line
 218. on input line 218.
Package pdftex.def Info: Requested size: 374.59999pt x 43.36205pt on input line
 218.
<figs/discretizacaoEFD_R_3_atr2.png, id=766, 471.26062pt x 54.2025pt>
File: figs/discretizacaoEFD_R_3_atr2.png Graphic file (type png)
<use figs/discretizacaoEFD_R_3_atr2.png>
Package pdftex.def Info: figs/discretizacaoEFD_R_3_atr2.png  used on input line
 222. on input line 222.
Package pdftex.def Info: Requested size: 377.00902pt x 43.36205pt on input line
 222.
<figs/discretizacaoEFD_R_3_atr3.png, id=767, 472.01344pt x 51.94406pt>
File: figs/discretizacaoEFD_R_3_atr3.png Graphic file (type png)
<use figs/discretizacaoEFD_R_3_atr3.png>
Package pdftex.def Info: figs/discretizacaoEFD_R_3_atr3.png  used on input line
 226. on input line 226.
Package pdftex.def Info: Requested size: 377.61127pt x 41.55528pt on input line
 226.


LaTeX Warning: No positions in optional float specifier.
               Default added (so using `tbp') on input line 308.

[29 <./figs/discretizacaoEFD_R_3_atr1.png (PNG copy)> <./figs/discretizacaoEFD_
R_3_atr2.png (PNG copy)> <./figs/discretizacaoEFD_R_3_atr3.png (PNG copy)>]
Underfull \vbox (badness 1286) has occurred while \output is active []

 [30]
<figs/rotulacaoNB.png, id=790, 545.03625pt x 395.4775pt>
File: figs/rotulacaoNB.png Graphic file (type png)
<use figs/rotulacaoNB.png>
Package pdftex.def Info: figs/rotulacaoNB.png  used on input line 346. on input
 line 346.
Package pdftex.def Info: Requested size: 163.51213pt x 118.64417pt on input lin
e 346.
<figs/rotulacaoDecisionTree.png, id=791, 545.03625pt x 395.4775pt>
File: figs/rotulacaoDecisionTree.png Graphic file (type png)
<use figs/rotulacaoDecisionTree.png>
Package pdftex.def Info: figs/rotulacaoDecisionTree.png  used on input line 350
. on input line 350.
Package pdftex.def Info: Requested size: 163.51213pt x 118.64417pt on input lin
e 350.

[31 <./figs/rotulacaoNB.png> <./figs/rotulacaoDecisionTree.png>]

LaTeX Warning: Command \c invalid in math mode on input line 395.


LaTeX Warning: Command \~ invalid in math mode on input line 395.


LaTeX Warning: Command \c invalid in math mode on input line 395.


LaTeX Warning: Command \~ invalid in math mode on input line 395.


LaTeX Warning: Command \c invalid in math mode on input line 400.


LaTeX Warning: Command \~ invalid in math mode on input line 400.


LaTeX Warning: Command \c invalid in math mode on input line 403.


LaTeX Warning: Command \~ invalid in math mode on input line 403.


Overfull \hbox (18.44563pt too wide) in paragraph at lines 415--415
[]|[]$\OML/lmm/m/it/12 Aplica[]algoritmo[]supervisionado\OT1/lmr/m/n/12 (-20) (
\OML/lmm/m/it/12 atributo[]classe; atributos[]naoClasse\OT1/lmr/m/n/12 (-20) )$
\T1/lmr/m/n/12 (-20) ; 
 []


LaTeX Warning: Command \' invalid in math mode on input line 415.


LaTeX Warning: `h' float specifier changed to `ht'.

) [32] [33]
\openout2 = `capitulos/resultados.aux'.

 (./capitulos/resultados.tex
Overfull \hbox (12.19211pt too wide) in paragraph at lines 7--7
 [][] [][][]\T1/lmr/m/n/10 (-20) https://archive.ics.uci.edu/ml/datasets/glass+
identificpation, https://archive.ics.uci.edu/ml/datasets/iris,
 []

[34



]

LaTeX Warning: Command \c invalid in math mode on input line 20.


LaTeX Warning: Command \~ invalid in math mode on input line 20.

[35] [36]

LaTeX Warning: `!h' float specifier changed to `!ht'.

[37] [38]
LaTeX Font Info:    External font `lmex10' loaded for size
(Font)              <10.95> on input line 444.
 [39]
Underfull \vbox (badness 1303) has occurred while \output is active []

 [40]
[41]
Underfull \vbox (badness 10000) has occurred while \output is active []

 [42]
[43] [44] [45]
Underfull \vbox (badness 10000) has occurred while \output is active []

 [46]
[47]
Overfull \hbox (3.84134pt too wide) in paragraph at lines 1116--1118
[]$[]$
 []


Underfull \vbox (badness 10000) has occurred while \output is active []

 [48]
[49] [50] [51]
Overfull \hbox (1.6961pt too wide) in paragraph at lines 1402--1416
[][]  [][] 
 []


Overfull \hbox (1.6961pt too wide) in paragraph at lines 1428--1446
[][]  [][] 
 []


Overfull \hbox (1.6961pt too wide) in paragraph at lines 1458--1474
[][]  [][] 
 []

[52]

LaTeX Warning: Citation `Aeberhard1992' on page 53 undefined on input line 1486
.

[53] [54]) [55]
\openout2 = `capitulos/conclusao.aux'.

 (./capitulos/conclusao.tex

LaTeX Warning: Citation `LOPES2014' on page 56 undefined on input line 6.


LaTeX Warning: Reference `tab:execucoes:seed:nb' on page 56 undefined on input 
line 12.


Underfull \vbox (badness 1484) has occurred while \output is active []

 [56



]
<figs/grafico_NB_SEED_exec_grp.png, id=1029, 386.19281pt x 309.40594pt>
File: figs/grafico_NB_SEED_exec_grp.png Graphic file (type png)
<use figs/grafico_NB_SEED_exec_grp.png>
Package pdftex.def Info: figs/grafico_NB_SEED_exec_grp.png  used on input line 
19. on input line 19.
Package pdftex.def Info: Requested size: 308.95465pt x 247.52509pt on input lin
e 19.
<figs/grafico_CART_SEED_exec_grp.png, id=1030, 348.55219pt x 344.78813pt>
File: figs/grafico_CART_SEED_exec_grp.png Graphic file (type png)
<use figs/grafico_CART_SEED_exec_grp.png>
Package pdftex.def Info: figs/grafico_CART_SEED_exec_grp.png  used on input lin
e 23. on input line 23.
Package pdftex.def Info: Requested size: 278.8421pt x 275.83087pt on input line
 23.


LaTeX Warning: `!h' float specifier changed to `!ht'.


LaTeX Warning: Reference `tab:execucoes:seed:nb' on page 57 undefined on input 
line 32.

<figs/grafico_NB_IRIS_exec_grp.png, id=1035, 395.22656pt x 255.95625pt>
File: figs/grafico_NB_IRIS_exec_grp.png Graphic file (type png)
<use figs/grafico_NB_IRIS_exec_grp.png>
Package pdftex.def Info: figs/grafico_NB_IRIS_exec_grp.png  used on input line 
41. on input line 41.
Package pdftex.def Info: Requested size: 355.7006pt x 230.35847pt on input line
 41.
<figs/grafico_CART_IRIS_exec_grp.png, id=1036, 410.2828pt x 255.95625pt>
File: figs/grafico_CART_IRIS_exec_grp.png Graphic file (type png)
<use figs/grafico_CART_IRIS_exec_grp.png>
Package pdftex.def Info: figs/grafico_CART_IRIS_exec_grp.png  used on input lin
e 45. on input line 45.
Package pdftex.def Info: Requested size: 369.25111pt x 230.35847pt on input lin
e 45.

LaTeX Warning: `!h' float specifier changed to `!ht'.


Underfull \vbox (badness 10000) has occurred while \output is active []

 [57]
Underfull \vbox (badness 5217) has occurred while \output is active []

 [58 <./figs/grafico_NB_SEED_exec_grp.png (PNG copy)> <./figs/grafico_CART_SEED
_exec_grp.png (PNG copy)>]
<figs/grafico_NB_Glass_exec_grp_1.png, id=1054, 456.20438pt x 256.70906pt>
File: figs/grafico_NB_Glass_exec_grp_1.png Graphic file (type png)
<use figs/grafico_NB_Glass_exec_grp_1.png>
Package pdftex.def Info: figs/grafico_NB_Glass_exec_grp_1.png  used on input li
ne 66. on input line 66.
Package pdftex.def Info: Requested size: 182.4785pt x 102.6818pt on input line 
66.
<figs/grafico_NB_Glass_exec_grp_2.png, id=1055, 455.45157pt x 255.20343pt>
File: figs/grafico_NB_Glass_exec_grp_2.png Graphic file (type png)
<use figs/grafico_NB_Glass_exec_grp_2.png>
Package pdftex.def Info: figs/grafico_NB_Glass_exec_grp_2.png  used on input li
ne 70. on input line 70.
Package pdftex.def Info: Requested size: 182.1774pt x 102.07956pt on input line
 70.
<figs/grafico_NB_Glass_exec_grp_3.png, id=1056, 455.45157pt x 255.20343pt>
File: figs/grafico_NB_Glass_exec_grp_3.png Graphic file (type png)
<use figs/grafico_NB_Glass_exec_grp_3.png>
Package pdftex.def Info: figs/grafico_NB_Glass_exec_grp_3.png  used on input li
ne 74. on input line 74.
Package pdftex.def Info: Requested size: 182.1774pt x 102.07956pt on input line
 74.
<figs/grafico_NB_Glass_exec_grp_4.png, id=1057, 455.45157pt x 255.20343pt>
File: figs/grafico_NB_Glass_exec_grp_4.png Graphic file (type png)
<use figs/grafico_NB_Glass_exec_grp_4.png>
Package pdftex.def Info: figs/grafico_NB_Glass_exec_grp_4.png  used on input li
ne 78. on input line 78.
Package pdftex.def Info: Requested size: 182.1774pt x 102.07956pt on input line
 78.


LaTeX Warning: `!h' float specifier changed to `!ht'.

<figs/grafico_CART_GLASS_exec_grp_1.png, id=1058, 455.45157pt x 255.95625pt>
File: figs/grafico_CART_GLASS_exec_grp_1.png Graphic file (type png)
<use figs/grafico_CART_GLASS_exec_grp_1.png>
Package pdftex.def Info: figs/grafico_CART_GLASS_exec_grp_1.png  used on input 
line 89. on input line 89.
Package pdftex.def Info: Requested size: 182.1774pt x 102.38068pt on input line
 89.
<figs/grafico_CART_GLASS_exec_grp_2.png, id=1059, 455.45157pt x 255.95625pt>
File: figs/grafico_CART_GLASS_exec_grp_2.png Graphic file (type png)
<use figs/grafico_CART_GLASS_exec_grp_2.png>
Package pdftex.def Info: figs/grafico_CART_GLASS_exec_grp_2.png  used on input 
line 93. on input line 93.
Package pdftex.def Info: Requested size: 182.1774pt x 102.38068pt on input line
 93.
<figs/grafico_CART_GLASS_exec_grp_3.png, id=1060, 455.45157pt x 255.95625pt>
File: figs/grafico_CART_GLASS_exec_grp_3.png Graphic file (type png)
<use figs/grafico_CART_GLASS_exec_grp_3.png>
Package pdftex.def Info: figs/grafico_CART_GLASS_exec_grp_3.png  used on input 
line 97. on input line 97.
Package pdftex.def Info: Requested size: 182.1774pt x 102.38068pt on input line
 97.
<figs/grafico_CART_GLASS_exec_grp_4.png, id=1061, 455.45157pt x 255.95625pt>
File: figs/grafico_CART_GLASS_exec_grp_4.png Graphic file (type png)
<use figs/grafico_CART_GLASS_exec_grp_4.png>
Package pdftex.def Info: figs/grafico_CART_GLASS_exec_grp_4.png  used on input 
line 101. on input line 101.
Package pdftex.def Info: Requested size: 182.1774pt x 102.38068pt on input line
 101.

LaTeX Warning: `!h' float specifier changed to `!ht'.

[59 <./figs/grafico_NB_IRIS_exec_grp.png (PNG copy)> <./figs/grafico_CART_IRIS_
exec_grp.png (PNG copy)>]
Underfull \vbox (badness 7796) has occurred while \output is active []

 [60 <./figs/grafico_NB_Glass_exec_grp_1.png (PNG copy)> <./figs/grafico_NB_Gla
ss_exec_grp_2.png (PNG copy)> <./figs/grafico_NB_Glass_exec_grp_3.png (PNG copy
)> <./figs/grafico_NB_Glass_exec_grp_4.png (PNG copy)> <./figs/grafico_CART_GLA
SS_exec_grp_1.png (PNG copy)> <./figs/grafico_CART_GLASS_exec_grp_2.png (PNG co
py)> <./figs/grafico_CART_GLASS_exec_grp_3.png (PNG copy)> <./figs/grafico_CART
_GLASS_exec_grp_4.png (PNG copy)>]
<figs/grafico_NB_CART_acuracia.png, id=1085, 454.69875pt x 255.95625pt>
File: figs/grafico_NB_CART_acuracia.png Graphic file (type png)
<use figs/grafico_NB_CART_acuracia.png>
Package pdftex.def Info: figs/grafico_NB_CART_acuracia.png  used on input line 
131. on input line 131.
Package pdftex.def Info: Requested size: 454.69763pt x 255.95561pt on input lin
e 131.


LaTeX Warning: Citation `LOPES2014' on page 61 undefined on input line 135.

[61 <./figs/grafico_NB_CART_acuracia.png (PNG copy)>]

LaTeX Warning: No positions in optional float specifier.
               Default added (so using `tbp') on input line 146.


LaTeX Warning: Citation `LOPES2014' on page 62 undefined on input line 148.


LaTeX Warning: Citation `LOPES2014' on page 62 undefined on input line 148.


LaTeX Warning: No positions in optional float specifier.
               Default added (so using `tbp') on input line 166.


LaTeX Warning: No positions in optional float specifier.
               Default added (so using `tbp') on input line 181.

[62]) [63] (./dissertacao.bbl (./dissertacao.brf)
\tf@brf=\write5
\openout5 = `dissertacao.brf'.



Package hyperref Warning: Token not allowed in a PDF string (PDFDocEncoding):
(hyperref)                removing `\uppercase' on input line 3.

bibitemlist
[64


] [65]) [66]
\openout2 = `postextual/apendices.aux'.

 (./postextual/apendices.tex

Package hyperref Warning: Token not allowed in a PDF string (PDFDocEncoding):
(hyperref)                removing `\uppercase' on input line 12.

[67



] [68

]) [69

] 
AED: lastpage setting LastPage
\tf@lof=\write6
\openout6 = `dissertacao.lof'.

\tf@lot=\write7
\openout7 = `dissertacao.lot'.

\tf@toc=\write8
\openout8 = `dissertacao.toc'.

Package atveryend Info: Empty hook `BeforeClearDocument' on input line 215.
Package atveryend Info: Empty hook `AfterLastShipout' on input line 215.
(./dissertacao.aux (./pretextual/capa.aux) (./pretextual/catalografica.aux)
(./pretextual/assinaturas.aux) (./pretextual/resumos.aux)
(./capitulos/introducao.aux) (./capitulos/referencialTeorico.aux)
(./capitulos/ferramentas.aux) (./capitulos/resultados.aux)
(./capitulos/conclusao.aux) (./postextual/apendices.aux))
Package atveryend Info: Executing hook `AtVeryEndDocument' on input line 215.
Package atveryend Info: Executing hook `AtEndAfterFileList' on input line 215.
Package rerunfilecheck Info: File `dissertacao.brf' has not changed.
(rerunfilecheck)             Checksum: FB46BDA5D4A97B7D34402F5DC25309B8;4065.


LaTeX Warning: There were undefined references.


LaTeX Warning: There were multiply-defined labels.

Package atveryend Info: Empty hook `AtVeryVeryEnd' on input line 215.
 ) 
Here is how much of TeX's memory you used:
 18228 strings out of 492985
 274632 string characters out of 6138585
 594655 words of memory out of 5000000
 20860 multiletter control sequences out of 15000+600000
 122010 words of font info for 202 fonts, out of 8000000 for 9000
 1141 hyphenation exceptions out of 8191
 47i,16n,56p,1840b,613s stack positions out of 5000i,500n,10000p,200000b,80000s
{/usr/share/texmf-dist/fonts/enc/dvips/lm/lm-ec.enc}{/usr/share/texmf-dist/fo
nts/enc/dvips/lm/lm-mathex.enc}{/usr/share/texmf-dist/fonts/enc/dvips/lm/lm-mat
hsy.enc}{/usr/share/texmf-dist/fonts/enc/dvips/lm/lm-mathit.enc}{/usr/share/tex
mf-dist/fonts/enc/dvips/lm/lm-rm.enc}</usr/share/texmf-dist/fonts/type1/public/
lm/lmbx10.pfb></usr/share/texmf-dist/fonts/type1/public/lm/lmbx12.pfb></usr/sha
re/texmf-dist/fonts/type1/public/lm/lmbx8.pfb></usr/share/texmf-dist/fonts/type
1/public/lm/lmbxi10.pfb></usr/share/texmf-dist/fonts/type1/public/lm/lmex10.pfb
></usr/share/texmf-dist/fonts/type1/public/lm/lmmi12.pfb></usr/share/texmf-dist
/fonts/type1/public/lm/lmmi6.pfb></usr/share/texmf-dist/fonts/type1/public/lm/l
mmi8.pfb></usr/share/texmf-dist/fonts/type1/public/lm/lmr10.pfb></usr/share/tex
mf-dist/fonts/type1/public/lm/lmr12.pfb></usr/share/texmf-dist/fonts/type1/publ
ic/lm/lmr6.pfb></usr/share/texmf-dist/fonts/type1/public/lm/lmr7.pfb></usr/shar
e/texmf-dist/fonts/type1/public/lm/lmr8.pfb></usr/share/texmf-dist/fonts/type1/
public/lm/lmri10.pfb></usr/share/texmf-dist/fonts/type1/public/lm/lmri12.pfb></
usr/share/texmf-dist/fonts/type1/public/lm/lmss10.pfb></usr/share/texmf-dist/fo
nts/type1/public/lm/lmss12.pfb></usr/share/texmf-dist/fonts/type1/public/lm/lms
s17.pfb></usr/share/texmf-dist/fonts/type1/public/lm/lmssbx10.pfb></usr/share/t
exmf-dist/fonts/type1/public/lm/lmsy10.pfb></usr/share/texmf-dist/fonts/type1/p
ublic/lm/lmsy6.pfb></usr/share/texmf-dist/fonts/type1/public/lm/lmsy8.pfb></usr
/share/texmf-dist/fonts/type1/public/amsfonts/symbols/msam10.pfb></usr/share/te
xmf-dist/fonts/type1/public/amsfonts/symbols/msbm10.pfb>
Output written on dissertacao.pdf (87 pages, 2586713 bytes).
PDF statistics:
 1533 PDF objects out of 1728 (max. 8388607)
 1342 compressed objects within 14 object streams
 290 named destinations out of 1000 (max. 500000)
 36485 words of extra memory for PDF output out of 42996 (max. 10000000)

